<?xml version="1.0" encoding="UTF-8"?>
<!-- Generated by org.testng.reporters.JUnitReportReporter -->
<testsuite hostname="DESKTOP-486D6KO" failures="0" tests="5" name="com.testcase.LoginTest" time="14.144" errors="0" timestamp="2022-07-19T08:21:17 BDT" skipped="0">
  <testcase classname="com.testcase.LoginTest" name="loginCheck" time="2.835"/>
  <system-out/>
  <testcase classname="com.testcase.LoginTest" name="loginCheck" time="0.209"/>
  <system-out/>
  <testcase classname="com.testcase.LoginTest" name="loginCheck" time="2.991"/>
  <system-out/>
  <testcase classname="com.testcase.LoginTest" name="loginCheck" time="0.275"/>
  <system-out/>
  <testcase classname="com.testcase.LoginTest" name="loginCheck" time="7.834"/>
  <system-out/>
</testsuite> <!-- com.testcase.LoginTest -->
