<?xml version="1.0" encoding="UTF-8"?>
<!-- Generated by org.testng.reporters.JUnitReportReporter -->
<testsuite hostname="DESKTOP-486D6KO" failures="0" tests="1" name="com.testcase.TitleTest" time="0.011" errors="0" timestamp="2022-07-19T08:42:17 BDT" skipped="0">
  <testcase classname="com.testcase.TitleTest" name="titleCheck" time="0.011"/>
  <system-out/>
</testsuite> <!-- com.testcase.TitleTest -->
