<?xml version="1.0" encoding="UTF-8"?>
<!-- Generated by org.testng.reporters.JUnitReportReporter -->
<testsuite hostname="DESKTOP-486D6KO" failures="0" tests="5" name="com.testcase.LoginTest" time="14.523" errors="0" timestamp="2022-07-19T08:42:17 BDT" skipped="0">
  <testcase classname="com.testcase.LoginTest" name="loginCheck" time="7.881"/>
  <system-out/>
  <testcase classname="com.testcase.LoginTest" name="loginCheck" time="0.330"/>
  <system-out/>
  <testcase classname="com.testcase.LoginTest" name="loginCheck" time="2.870"/>
  <system-out/>
  <testcase classname="com.testcase.LoginTest" name="loginCheck" time="0.239"/>
  <system-out/>
  <testcase classname="com.testcase.LoginTest" name="loginCheck" time="3.203"/>
  <system-out/>
</testsuite> <!-- com.testcase.LoginTest -->
